Release 14.7 - xst P.20131013 (nt64)
Copyright (c) 1995-2013 Xilinx, Inc.  All rights reserved.
--> Parameter TMPDIR set to xst/projnav.tmp


Total REAL time to Xst completion: 0.00 secs
Total CPU time to Xst completion: 0.08 secs
 
--> Parameter xsthdpdir set to xst


Total REAL time to Xst completion: 0.00 secs
Total CPU time to Xst completion: 0.08 secs
 
--> Reading design: counter.prj

TABLE OF CONTENTS
  1) Synthesis Options Summary
  2) HDL Parsing
  3) HDL Elaboration
  4) HDL Synthesis
       4.1) HDL Synthesis Report
  5) Advanced HDL Synthesis
       5.1) Advanced HDL Synthesis Report
  6) Low Level Synthesis
  7) Partition Report
  8) Design Summary
       8.1) Primitive and Black Box Usage
       8.2) Device utilization summary
       8.3) Partition Resource Summary
       8.4) Timing Report
            8.4.1) Clock Information
            8.4.2) Asynchronous Control Signals Information
            8.4.3) Timing Summary
            8.4.4) Timing Details
            8.4.5) Cross Clock Domains Report


=========================================================================
*                      Synthesis Options Summary                        *
=========================================================================
---- Source Parameters
Input File Name                    : "counter.prj"
Ignore Synthesis Constraint File   : NO

---- Target Parameters
Output File Name                   : "counter"
Output Format                      : NGC
Target Device                      : xc6slx150-3-fgg484

---- Source Options
Top Module Name                    : counter
Automatic FSM Extraction           : YES
FSM Encoding Algorithm             : Auto
Safe Implementation                : No
FSM Style                          : LUT
RAM Extraction                     : Yes
RAM Style                          : Auto
ROM Extraction                     : Yes
Shift Register Extraction          : YES
ROM Style                          : Auto
Resource Sharing                   : YES
Asynchronous To Synchronous        : NO
Shift Register Minimum Size        : 2
Use DSP Block                      : Auto
Automatic Register Balancing       : No

---- Target Options
LUT Combining                      : Auto
Reduce Control Sets                : Auto
Add IO Buffers                     : YES
Global Maximum Fanout              : 100000
Add Generic Clock Buffer(BUFG)     : 16
Register Duplication               : YES
Optimize Instantiated Primitives   : NO
Use Clock Enable                   : Auto
Use Synchronous Set                : Auto
Use Synchronous Reset              : Auto
Pack IO Registers into IOBs        : Auto
Equivalent register Removal        : YES

---- General Options
Optimization Goal                  : Speed
Optimization Effort                : 1
Power Reduction                    : NO
Keep Hierarchy                     : No
Netlist Hierarchy                  : As_Optimized
RTL Output                         : Yes
Global Optimization                : AllClockNets
Read Cores                         : YES
Write Timing Constraints           : NO
Cross Clock Analysis               : NO
Hierarchy Separator                : /
Bus Delimiter                      : <>
Case Specifier                     : Maintain
Slice Utilization Ratio            : 100
BRAM Utilization Ratio             : 100
DSP48 Utilization Ratio            : 100
Auto BRAM Packing                  : NO
Slice Utilization Ratio Delta      : 5

=========================================================================


=========================================================================
*                          HDL Parsing                                  *
=========================================================================
Parsing VHDL file "C:\LocalXilinx\Projects\counter\counter\counter.vhd" into library work
Parsing entity <counter>.
Parsing architecture <Behavioral> of entity <counter>.

=========================================================================
*                            HDL Elaboration                            *
=========================================================================

Elaborating entity <counter> (architecture <Behavioral>) from library <work>.

=========================================================================
*                           HDL Synthesis                               *
=========================================================================

Synthesizing Unit <counter>.
    Related source file is "C:\LocalXilinx\Projects\counter\counter\counter.vhd".
    Found 4-bit register for signal <temp_count>.
    Found 24-bit register for signal <clk_divider>.
    Found 24-bit adder for signal <clk_divider[23]_GND_5_o_add_0_OUT> created at line 26.
    Found 4-bit adder for signal <temp_count[3]_GND_5_o_add_3_OUT> created at line 41.
    Found 4-bit comparator greater for signal <temp_count[3]_PWR_5_o_LessThan_3_o> created at line 40
    Summary:
	inferred   2 Adder/Subtractor(s).
	inferred  28 D-type flip-flop(s).
	inferred   1 Comparator(s).
	inferred   1 Multiplexer(s).
Unit <counter> synthesized.

=========================================================================
HDL Synthesis Report

Macro Statistics
# Adders/Subtractors                                   : 2
 24-bit adder                                          : 1
 4-bit adder                                           : 1
# Registers                                            : 2
 24-bit register                                       : 1
 4-bit register                                        : 1
# Comparators                                          : 1
 4-bit comparator greater                              : 1
# Multiplexers                                         : 1
 4-bit 2-to-1 multiplexer                              : 1

=========================================================================

=========================================================================
*                       Advanced HDL Synthesis                          *
=========================================================================


Synthesizing (advanced) Unit <counter>.
The following registers are absorbed into counter <clk_divider>: 1 register on signal <clk_divider>.
The following registers are absorbed into counter <temp_count>: 1 register on signal <temp_count>.
Unit <counter> synthesized (advanced).

=========================================================================
Advanced HDL Synthesis Report

Macro Statistics
# Counters                                             : 2
 24-bit up counter                                     : 1
 4-bit up counter                                      : 1
# Comparators                                          : 1
 4-bit comparator greater                              : 1

=========================================================================

=========================================================================
*                         Low Level Synthesis                           *
=========================================================================

Optimizing unit <counter> ...

Mapping all equations...
Building and optimizing final netlist ...
Found area constraint ratio of 100 (+ 5) on block counter, actual ratio is 0.

Final Macro Processing ...

=========================================================================
Final Register Report

Macro Statistics
# Registers                                            : 28
 Flip-Flops                                            : 28

=========================================================================

=========================================================================
*                           Partition Report                            *
=========================================================================

Partition Implementation Status
-------------------------------

  No Partitions were found in this design.

-------------------------------

=========================================================================
*                            Design Summary                             *
=========================================================================

Top Level Output File Name         : counter.ngc

Primitive and Black Box Usage:
------------------------------
# BELS                             : 78
#      GND                         : 1
#      INV                         : 2
#      LUT1                        : 23
#      LUT3                        : 1
#      LUT4                        : 3
#      MUXCY                       : 23
#      VCC                         : 1
#      XORCY                       : 24
# FlipFlops/Latches                : 28
#      FD                          : 24
#      FDCE                        : 4
# Clock Buffers                    : 1
#      BUFGP                       : 1
# IO Buffers                       : 6
#      IBUF                        : 2
#      OBUF                        : 4

Device utilization summary:
---------------------------

Selected Device : 6slx150fgg484-3 


Slice Logic Utilization: 
 Number of Slice Registers:              28  out of  184304     0%  
 Number of Slice LUTs:                   29  out of  92152     0%  
    Number used as Logic:                29  out of  92152     0%  

Slice Logic Distribution: 
 Number of LUT Flip Flop pairs used:     29
   Number with an unused Flip Flop:       1  out of     29     3%  
   Number with an unused LUT:             0  out of     29     0%  
   Number of fully used LUT-FF pairs:    28  out of     29    96%  
   Number of unique control sets:         2

IO Utilization: 
 Number of IOs:                           7
 Number of bonded IOBs:                   7  out of    338     2%  

Specific Feature Utilization:
 Number of BUFG/BUFGCTRLs:                1  out of     16     6%  

---------------------------
Partition Resource Summary:
---------------------------

  No Partitions were found in this design.

---------------------------


=========================================================================
Timing Report

NOTE: THESE TIMING NUMBERS ARE ONLY A SYNTHESIS ESTIMATE.
      FOR ACCURATE TIMING INFORMATION PLEASE REFER TO THE TRACE REPORT
      GENERATED AFTER PLACE-and-ROUTE.

Clock Information:
------------------
-----------------------------------+------------------------+-------+
Clock Signal                       | Clock buffer(FF name)  | Load  |
-----------------------------------+------------------------+-------+
clk                                | BUFGP                  | 24    |
clk_divider_23                     | NONE(temp_count_0)     | 4     |
-----------------------------------+------------------------+-------+
INFO:Xst:2169 - HDL ADVISOR - Some clock signals were not automatically buffered by XST with BUFG/BUFR resources. Please use the buffer_type constraint in order to insert these buffers to the clock signals to help prevent skew problems.

Asynchronous Control Signals Information:
----------------------------------------
No asynchronous control signals found in this design

Timing Summary:
---------------
Speed Grade: -3

   Minimum period: 2.104ns (Maximum Frequency: 475.319MHz)
   Minimum input arrival time before clock: 3.011ns
   Maximum output required time after clock: 3.732ns
   Maximum combinational path delay: No path found

Timing Details:
---------------
All values displayed in nanoseconds (ns)

=========================================================================
Timing constraint: Default period analysis for Clock 'clk'
  Clock period: 2.104ns (frequency: 475.319MHz)
  Total number of paths / destination ports: 300 / 24
-------------------------------------------------------------------------
Delay:               2.104ns (Levels of Logic = 25)
  Source:            clk_divider_0 (FF)
  Destination:       clk_divider_23 (FF)
  Source Clock:      clk rising
  Destination Clock: clk rising

  Data Path: clk_divider_0 to clk_divider_23
                                Gate     Net
    Cell:in->out      fanout   Delay   Delay  Logical Name (Net Name)
    ----------------------------------------  ------------
     FD:C->Q               1   0.447   0.579  clk_divider_0 (clk_divider_0)
     INV:I->O              1   0.206   0.000  Mcount_clk_divider_lut<0>_INV_0 (Mcount_clk_divider_lut<0>)
     MUXCY:S->O            1   0.172   0.000  Mcount_clk_divider_cy<0> (Mcount_clk_divider_cy<0>)
     MUXCY:CI->O           1   0.019   0.000  Mcount_clk_divider_cy<1> (Mcount_clk_divider_cy<1>)
     MUXCY:CI->O           1   0.019   0.000  Mcount_clk_divider_cy<2> (Mcount_clk_divider_cy<2>)
     MUXCY:CI->O           1   0.019   0.000  Mcount_clk_divider_cy<3> (Mcount_clk_divider_cy<3>)
     MUXCY:CI->O           1   0.019   0.000  Mcount_clk_divider_cy<4> (Mcount_clk_divider_cy<4>)
     MUXCY:CI->O           1   0.019   0.000  Mcount_clk_divider_cy<5> (Mcount_clk_divider_cy<5>)
     MUXCY:CI->O           1   0.019   0.000  Mcount_clk_divider_cy<6> (Mcount_clk_divider_cy<6>)
     MUXCY:CI->O           1   0.019   0.000  Mcount_clk_divider_cy<7> (Mcount_clk_divider_cy<7>)
     MUXCY:CI->O           1   0.019   0.000  Mcount_clk_divider_cy<8> (Mcount_clk_divider_cy<8>)
     MUXCY:CI->O           1   0.019   0.000  Mcount_clk_divider_cy<9> (Mcount_clk_divider_cy<9>)
     MUXCY:CI->O           1   0.019   0.000  Mcount_clk_divider_cy<10> (Mcount_clk_divider_cy<10>)
     MUXCY:CI->O           1   0.019   0.000  Mcount_clk_divider_cy<11> (Mcount_clk_divider_cy<11>)
     MUXCY:CI->O           1   0.019   0.000  Mcount_clk_divider_cy<12> (Mcount_clk_divider_cy<12>)
     MUXCY:CI->O           1   0.019   0.000  Mcount_clk_divider_cy<13> (Mcount_clk_divider_cy<13>)
     MUXCY:CI->O           1   0.019   0.000  Mcount_clk_divider_cy<14> (Mcount_clk_divider_cy<14>)
     MUXCY:CI->O           1   0.019   0.000  Mcount_clk_divider_cy<15> (Mcount_clk_divider_cy<15>)
     MUXCY:CI->O           1   0.019   0.000  Mcount_clk_divider_cy<16> (Mcount_clk_divider_cy<16>)
     MUXCY:CI->O           1   0.019   0.000  Mcount_clk_divider_cy<17> (Mcount_clk_divider_cy<17>)
     MUXCY:CI->O           1   0.019   0.000  Mcount_clk_divider_cy<18> (Mcount_clk_divider_cy<18>)
     MUXCY:CI->O           1   0.019   0.000  Mcount_clk_divider_cy<19> (Mcount_clk_divider_cy<19>)
     MUXCY:CI->O           1   0.019   0.000  Mcount_clk_divider_cy<20> (Mcount_clk_divider_cy<20>)
     MUXCY:CI->O           1   0.019   0.000  Mcount_clk_divider_cy<21> (Mcount_clk_divider_cy<21>)
     MUXCY:CI->O           0   0.019   0.000  Mcount_clk_divider_cy<22> (Mcount_clk_divider_cy<22>)
     XORCY:CI->O           1   0.180   0.000  Mcount_clk_divider_xor<23> (Result<23>)
     FD:D                      0.102          clk_divider_23
    ----------------------------------------
    Total                      2.104ns (1.525ns logic, 0.579ns route)
                                       (72.5% logic, 27.5% route)

=========================================================================
Timing constraint: Default period analysis for Clock 'clk_divider_23'
  Clock period: 1.714ns (frequency: 583.431MHz)
  Total number of paths / destination ports: 15 / 4
-------------------------------------------------------------------------
Delay:               1.714ns (Levels of Logic = 1)
  Source:            temp_count_0 (FF)
  Destination:       temp_count_0 (FF)
  Source Clock:      clk_divider_23 rising
  Destination Clock: clk_divider_23 rising

  Data Path: temp_count_0 to temp_count_0
                                Gate     Net
    Cell:in->out      fanout   Delay   Delay  Logical Name (Net Name)
    ----------------------------------------  ------------
     FDCE:C->Q             5   0.447   0.962  temp_count_0 (temp_count_0)
     LUT4:I0->O            1   0.203   0.000  Mcount_temp_count_xor<0>11 (Mcount_temp_count)
     FDCE:D                    0.102          temp_count_0
    ----------------------------------------
    Total                      1.714ns (0.752ns logic, 0.962ns route)
                                       (43.9% logic, 56.1% route)

=========================================================================
Timing constraint: Default OFFSET IN BEFORE for Clock 'clk_divider_23'
  Total number of paths / destination ports: 8 / 8
-------------------------------------------------------------------------
Offset:              3.011ns (Levels of Logic = 2)
  Source:            pause (PAD)
  Destination:       temp_count_0 (FF)
  Destination Clock: clk_divider_23 rising

  Data Path: pause to temp_count_0
                                Gate     Net
    Cell:in->out      fanout   Delay   Delay  Logical Name (Net Name)
    ----------------------------------------  ------------
     IBUF:I->O             1   1.222   0.579  pause_IBUF (pause_IBUF)
     INV:I->O              4   0.206   0.683  pause_inv1_INV_0 (pause_inv)
     FDCE:CE                   0.322          temp_count_0
    ----------------------------------------
    Total                      3.011ns (1.750ns logic, 1.261ns route)
                                       (58.1% logic, 41.9% route)

=========================================================================
Timing constraint: Default OFFSET OUT AFTER for Clock 'clk_divider_23'
  Total number of paths / destination ports: 4 / 4
-------------------------------------------------------------------------
Offset:              3.732ns (Levels of Logic = 1)
  Source:            temp_count_3 (FF)
  Destination:       count_out<3> (PAD)
  Source Clock:      clk_divider_23 rising

  Data Path: temp_count_3 to count_out<3>
                                Gate     Net
    Cell:in->out      fanout   Delay   Delay  Logical Name (Net Name)
    ----------------------------------------  ------------
     FDCE:C->Q             5   0.447   0.714  temp_count_3 (temp_count_3)
     OBUF:I->O                 2.571          count_out_3_OBUF (count_out<3>)
    ----------------------------------------
    Total                      3.732ns (3.018ns logic, 0.714ns route)
                                       (80.9% logic, 19.1% route)

=========================================================================

Cross Clock Domains Report:
--------------------------

Clock to Setup on destination clock clk
---------------+---------+---------+---------+---------+
               | Src:Rise| Src:Fall| Src:Rise| Src:Fall|
Source Clock   |Dest:Rise|Dest:Rise|Dest:Fall|Dest:Fall|
---------------+---------+---------+---------+---------+
clk            |    2.104|         |         |         |
---------------+---------+---------+---------+---------+

Clock to Setup on destination clock clk_divider_23
---------------+---------+---------+---------+---------+
               | Src:Rise| Src:Fall| Src:Rise| Src:Fall|
Source Clock   |Dest:Rise|Dest:Rise|Dest:Fall|Dest:Fall|
---------------+---------+---------+---------+---------+
clk_divider_23 |    1.714|         |         |         |
---------------+---------+---------+---------+---------+

=========================================================================


Total REAL time to Xst completion: 4.00 secs
Total CPU time to Xst completion: 3.86 secs
 
--> 

Total memory usage is 4486100 kilobytes

Number of errors   :    0 (   0 filtered)
Number of warnings :    0 (   0 filtered)
Number of infos    :    1 (   0 filtered)

