Running: fuse.exe -relaunch -intstyle "ise" -incremental -lib "secureip" -o "C:/LocalXilinx/Projects/counter/counter/counter_tb_isim_beh.exe" -prj "C:/LocalXilinx/Projects/counter/counter/counter_tb_beh.prj" "work.counter_tb" 
ISim P.20131013 (signature 0x7708f090)
Number of CPUs detected in this system: 8
Turning on mult-threading, number of parallel sub-compilation jobs: 16 
Determining compilation order of HDL files
Parsing VHDL file "C:/LocalXilinx/Projects/counter/counter/counter.vhd" into library work
Parsing VHDL file "C:/LocalXilinx/Projects/counter/counter/counter_tb.vhd" into library work
Starting static elaboration
Completed static elaboration
Compiling package standard
Compiling package std_logic_1164
Compiling package std_logic_arith
Compiling package std_logic_unsigned
Compiling architecture behavioral of entity counter [counter_default]
Compiling architecture behavior of entity counter_tb
Time Resolution for simulation is 1ps.
Compiled 7 VHDL Units
Built simulation executable C:/LocalXilinx/Projects/counter/counter/counter_tb_isim_beh.exe
Fuse Memory Usage: 34268 KB
Fuse CPU Usage: 312 ms
